<?xml version="1.0" encoding="UTF-8"?>
<!-- Generated by org.testng.reporters.JUnitReportReporter -->
<testsuite skipped="1" hostname="DESKTOP-Q1DRPNI" name="org.testng.TestNGSample" tests="5" failures="0" timestamp="09 Dec 2020 17:58:31 GMT" time="0.652" errors="0">
  <testcase name="tc1" time="0.652" classname="org.testng.TestNGSample"/>
  <testcase name="tc2" time="0.000" classname="org.testng.TestNGSample"/>
  <testcase name="tc2" time="0.000" classname="org.testng.TestNGSample"/>
  <testcase name="tc2" time="0.000" classname="org.testng.TestNGSample"/>
  <testcase name="tc3" classname="org.testng.TestNGSample">
    <skipped/>
  </testcase> <!-- tc3 -->
</testsuite> <!-- org.testng.TestNGSample -->
