<?xml version="1.0" encoding="UTF-8"?>
<!-- Generated by org.testng.reporters.JUnitReportReporter -->
<testsuite skipped="0" hostname="DESKTOP-Q1DRPNI" name="org.testng.Testing" tests="1" failures="0" timestamp="09 Dec 2020 17:58:30 GMT" time="0.031" errors="0">
  <testcase name="tc6" time="0.031" classname="org.testng.Testing"/>
</testsuite> <!-- org.testng.Testing -->
