<?xml version="1.0" encoding="UTF-8"?>
<!-- Generated by org.testng.reporters.JUnitReportReporter -->
<testsuite skipped="0" hostname="DESKTOP-Q1DRPNI" name="org.testng.Suite" tests="1" failures="0" timestamp="09 Dec 2020 17:58:31 GMT" time="0.000" errors="0">
  <testcase name="tc4" time="0.000" classname="org.testng.Suite"/>
</testsuite> <!-- org.testng.Suite -->
